==================================================
[START] 2026-02-03 06:51:09
[INFO] Target range: 2026-02-02 to 2026-02-02
[RUN] google_search_script: C:\Users\demo\AppData\Local\Programs\Python\Python311\python.exe C:\Users\demo\Desktop\中村\DailyNews\ニュース収集\google_search_script.py --dates 2026-02-02
[RUN] auto_update_daily_news: C:\Users\demo\AppData\Local\Programs\Python\Python311\python.exe C:\Users\demo\Desktop\中村\DailyNews\auto_update_daily_news.py
[RUN] generate_idea_images_comfyui: C:\Users\demo\AppData\Local\Programs\Python\Python311\python.exe C:\Users\demo\Desktop\中村\DailyNews\generate_idea_images_comfyui.py --only-missing --workflow C:\Users\demo\Desktop\中村\DailyNews\image_flux2_klein_text_to_image (1).json
[END] 2026-02-03 08:02:20
==================================================
==================================================
[START] 2026-02-03 23:15:39
[INFO] Target range: 2026-02-03 to 2026-02-02
[INFO] No new dates to process.
[END] 2026-02-03 23:15:39
==================================================
==================================================
[START] 2026-02-03 23:16:01
[INFO] Target range: 2026-02-03 to 2026-02-02
[INFO] No new dates to process.
[END] 2026-02-03 23:16:02
==================================================
==================================================
[START] 2026-02-03 23:17:15
[INFO] Target range: 2026-02-03 to 2026-02-02
[INFO] No new dates to process.
[END] 2026-02-03 23:17:15
==================================================
==================================================
[START] 2026-02-03 23:23:40
[INFO] Target range: 2026-02-03 to 2026-02-02
[INFO] No new dates to process.
[END] 2026-02-03 23:23:40
==================================================
==================================================
[START] 2026-02-03 23:24:27
[INFO] Target range: 2026-02-03 to 2026-02-02
[INFO] No new dates to process.
[END] 2026-02-03 23:24:27
==================================================
